<?xml version="1.0" encoding="UTF-8"?>
<!-- Generated by org.testng.reporters.JUnitReportReporter -->
<testsuite hostname="Chukki_Laptop" failures="0" tests="2" name="com.abc.assign.ParallelTest$AddItem" time="12.852" errors="0" timestamp="2023-10-30T11:53:28 IST" skipped="0">
  <testcase classname="com.abc.assign.ParallelTest$AddItem" name="ValidCredentials" time="6.422"/>
  <testcase classname="com.abc.assign.ParallelTest$AddItem" name="ValidCredentials" time="6.430"/>
</testsuite> <!-- com.abc.assign.ParallelTest$AddItem -->
