<?xml version="1.0" encoding="UTF-8"?>
<!-- Generated by org.testng.reporters.JUnitReportReporter -->
<testsuite hostname="Chukki_Laptop" failures="0" tests="1" name="com.abc.assign2.Login" time="4.253" errors="0" timestamp="2023-11-01T17:27:01 IST" skipped="0">
  <testcase classname="com.abc.assign2.Login" name="signIn" time="4.253"/>
</testsuite> <!-- com.abc.assign2.Login -->
