<?xml version="1.0" encoding="UTF-8"?>
<!-- Generated by org.testng.reporters.JUnitReportReporter -->
<testsuite hostname="Chukki_Laptop" failures="0" tests="2" name="com.abc.assign.DataRegisteration" time="19.204" errors="0" timestamp="2023-10-28T17:37:44 IST" skipped="0">
  <testcase classname="com.abc.assign.DataRegisteration" name="ValidCredentials" time="9.291"/>
  <testcase classname="com.abc.assign.DataRegisteration" name="ValidCredentials" time="9.913"/>
</testsuite> <!-- com.abc.assign.DataRegisteration -->
