<?xml version="1.0" encoding="UTF-8"?>
<!-- Generated by org.testng.reporters.JUnitReportReporter -->
<testsuite hostname="Chukki_Laptop" failures="0" tests="1" name="com.abc.assign.LoginTOSwab" time="4.496" errors="0" timestamp="2023-10-31T11:18:00 IST" skipped="0">
  <testcase classname="com.abc.assign.LoginTOSwab" name="ValidCredentials" time="4.496"/>
</testsuite> <!-- com.abc.assign.LoginTOSwab -->
