<?xml version="1.0" encoding="UTF-8"?>
<!-- Generated by org.testng.reporters.JUnitReportReporter -->
<testsuite hostname="Chukki_Laptop" failures="0" tests="1" name="com.abc.assign2.FileUpload" time="6.855" errors="0" timestamp="2023-11-06T10:36:25 IST" skipped="0">
  <testcase classname="com.abc.assign2.FileUpload" name="open" time="6.855"/>
</testsuite> <!-- com.abc.assign2.FileUpload -->
