<?xml version="1.0" encoding="UTF-8"?>
<!-- Generated by org.testng.reporters.JUnitReportReporter -->
<testsuite hostname="Chukki_Laptop" failures="0" tests="1" name="com.abc.assign.Login" time="8.832" errors="0" timestamp="2023-10-28T14:22:39 IST" skipped="0">
  <testcase classname="com.abc.assign.Login" name="ValidCredentials" time="8.832"/>
</testsuite> <!-- com.abc.assign.Login -->
