<?xml version="1.0" encoding="UTF-8"?>
<!-- Generated by org.testng.reporters.JUnitReportReporter -->
<testsuite hostname="Chukki_Laptop" failures="0" tests="1" name="com.abc.assign.Snapshot$AddItem" time="7.824" errors="0" timestamp="2023-10-30T11:49:19 IST" skipped="0">
  <testcase classname="com.abc.assign.Snapshot$AddItem" name="ValidCredentials" time="7.824"/>
</testsuite> <!-- com.abc.assign.Snapshot$AddItem -->
